31/08/2020 - 11:52:37,48 - FTP FileZilla Server Restarted. 
31/08/2020 - 11:53:02,33 - FTP FileZilla Server Restarted. 
31/08/2020 - 11:53:33,35 - FTP FileZilla Server Restarted. 
31/08/2020 - 11:54:10,95 - FTP FileZilla Server Restarted. 
31/08/2020 - 11:54:21,05 - FTP FileZilla Server Restarted. 
31/08/2020 - 11:54:59,51 - FTP FileZilla Server Restarted. 
31/08/2020 - 11:55:12,81 - FTP FileZilla Server Restarted. 
31/08/2020 - 11:55:28,02 - FTP FileZilla Server Restarted. 
31/08/2020 - 11:55:36,03 - FTP FileZilla Server Restarted. 
31/08/2020 - 11:55:54,42 - FTP FileZilla Server Restarted. 
31/08/2020 - 11:56:05,09 - FTP FileZilla Server Restarted. 
31/08/2020 - 11:56:34,02 - FTP FileZilla Server Restarted. 
31/08/2020 - 11:57:24,13 - FTP FileZilla Server Restarted. 
31/08/2020 - 11:57:53,25 - FTP FileZilla Server Restarted. 
31/08/2020 - 11:58:13,16 - FTP FileZilla Server Restarted. 
31/08/2020 - 11:58:23,77 - FTP FileZilla Server Restarted. 
31/08/2020 - 11:58:45,60 - FTP FileZilla Server Restarted. 
31/08/2020 - 11:59:03,51 - FTP FileZilla Server Restarted. 
31/08/2020 - 12:00:17,19 - FTP FileZilla Server Restarted. 
31/08/2020 - 12:00:50,30 - FTP FileZilla Server Restarted. 
01/09/2020 - 11:43:53,22 - FTP FileZilla Server Restarted. 
01/09/2020 - 11:43:59,90 - FTP FileZilla Server Restarted. 
01/09/2020 - 11:44:37,27 - FTP FileZilla Server Restarted. 
01/09/2020 - 11:44:53,25 - FTP FileZilla Server Restarted. 
01/09/2020 - 11:45:22,01 - FTP FileZilla Server Restarted. 
01/09/2020 - 11:46:25,95 - FTP FileZilla Server Restarted. 
01/09/2020 - 11:50:14,42 - FTP FileZilla Server Restarted. 
01/09/2020 - 13:12:23,41 - FTP FileZilla Server Restarted. 
01/09/2020 - 13:16:02,03 - FTP FileZilla Server Restarted. 
01/09/2020 - 13:27:36,13 - FTP FileZilla Server Restarted. 
01/09/2020 - 13:28:46,44 - FTP FileZilla Server Restarted. 
01/09/2020 - 13:29:22,18 - FTP FileZilla Server Restarted. 
01/09/2020 - 13:30:07,26 - FTP FileZilla Server Restarted. 
01/09/2020 - 13:30:37,51 - FTP FileZilla Server Restarted. 
01/09/2020 - 13:30:58,32 - FTP FileZilla Server Restarted. 
01/09/2020 - 13:32:14,69 - FTP FileZilla Server Restarted. 
01/09/2020 - 13:33:17,12 - FTP FileZilla Server Restarted. 
01/09/2020 - 13:33:51,78 - FTP FileZilla Server Restarted. 
01/09/2020 - 13:34:06,96 - FTP FileZilla Server Restarted. 
01/09/2020 - 13:34:57,22 - FTP FileZilla Server Restarted. 
01/09/2020 - 13:37:50,22 - FTP FileZilla Server Restarted. 
01/09/2020 - 13:38:00,29 - FTP FileZilla Server Restarted. 
01/09/2020 - 13:39:38,02 - FTP FileZilla Server Restarted. 
01/09/2020 - 13:41:47,15 - FTP FileZilla Server Restarted. 
01/09/2020 - 13:43:28,49 - FTP FileZilla Server Restarted. 
01/09/2020 - 13:47:42,57 - FTP FileZilla Server Restarted. 
01/09/2020 - 13:48:00,67 - FTP FileZilla Server Restarted. 
01/09/2020 - 13:49:05,93 - FTP FileZilla Server Restarted. 
01/09/2020 - 13:49:10,94 - FTP FileZilla Server Restarted. 
01/09/2020 - 13:49:32,90 - FTP FileZilla Server Restarted. 
01/09/2020 - 13:49:54,78 - FTP FileZilla Server Restarted. 
01/09/2020 - 13:50:43,31 - FTP FileZilla Server Restarted. 
01/09/2020 - 13:52:00,94 - FTP FileZilla Server Restarted. 
01/09/2020 - 13:52:32,89 - FTP FileZilla Server Restarted. 
01/09/2020 - 13:53:11,36 - FTP FileZilla Server Restarted. 
01/09/2020 - 13:54:50,70 - FTP FileZilla Server Restarted. 
01/09/2020 - 13:55:06,49 - FTP FileZilla Server Restarted. 
01/09/2020 - 13:55:20,11 - FTP FileZilla Server Restarted. 
01/09/2020 - 13:55:30,58 - FTP FileZilla Server Restarted. 
01/09/2020 - 13:55:42,45 - FTP FileZilla Server Restarted. 
01/09/2020 - 13:56:29,17 - FTP FileZilla Server Restarted. 
01/09/2020 - 13:57:17,60 - FTP FileZilla Server Restarted. 
01/09/2020 - 13:57:36,20 - FTP FileZilla Server Restarted. 
01/09/2020 - 13:58:03,54 - FTP FileZilla Server Restarted. 
01/09/2020 - 13:58:38,32 - FTP FileZilla Server Restarted. 
01/09/2020 - 14:00:39,99 - FTP FileZilla Server Restarted. 
01/09/2020 - 14:00:56,45 - FTP FileZilla Server Restarted. 
01/09/2020 - 14:01:10,36 - FTP FileZilla Server Restarted. 
01/09/2020 - 14:01:19,22 - FTP FileZilla Server Restarted. 
01/09/2020 - 14:01:37,81 - FTP FileZilla Server Restarted. 
01/09/2020 - 14:01:46,62 - FTP FileZilla Server Restarted. 
01/09/2020 - 14:02:17,54 - FTP FileZilla Server Restarted. 
01/09/2020 - 14:02:40,66 - FTP FileZilla Server Restarted. 
01/09/2020 - 14:03:07,86 - FTP FileZilla Server Restarted. 
01/09/2020 - 14:05:25,04 - FTP FileZilla Server Restarted. 
01/09/2020 - 14:07:01,23 - FTP FileZilla Server Restarted. 
01/09/2020 - 14:09:11,17 - FTP FileZilla Server Restarted. 
01/09/2020 - 14:09:53,84 - FTP FileZilla Server Restarted. 
01/09/2020 - 14:10:25,42 - FTP FileZilla Server Restarted. 
01/09/2020 - 14:11:11,43 - FTP FileZilla Server Restarted. 
01/09/2020 - 14:11:33,78 - FTP FileZilla Server Restarted. 
01/09/2020 - 14:11:59,04 - FTP FileZilla Server Restarted. 
01/09/2020 - 14:12:46,32 - FTP FileZilla Server Restarted. 
01/09/2020 - 14:13:01,42 - FTP FileZilla Server Restarted. 
01/09/2020 - 14:13:07,90 - FTP FileZilla Server Restarted. 
01/09/2020 - 14:13:18,71 - FTP FileZilla Server Restarted. 
01/09/2020 - 14:13:37,46 - FTP FileZilla Server Restarted. 
01/09/2020 - 14:15:34,82 - FTP FileZilla Server Restarted. 
01/09/2020 - 14:15:56,78 - FTP FileZilla Server Restarted. 
01/09/2020 - 14:16:29,57 - FTP FileZilla Server Restarted. 
01/09/2020 - 14:16:44,78 - FTP FileZilla Server Restarted. 
01/09/2020 - 14:17:23,74 - FTP FileZilla Server Restarted. 
01/09/2020 - 14:21:39,38 - FTP FileZilla Server Restarted. 
01/09/2020 - 14:22:00,50 - FTP FileZilla Server Restarted. 
01/09/2020 - 14:22:10,35 - FTP FileZilla Server Restarted. 
01/09/2020 - 14:22:15,87 - FTP FileZilla Server Restarted. 
01/09/2020 - 14:22:23,56 - FTP FileZilla Server Restarted. 
01/09/2020 - 14:22:29,16 - FTP FileZilla Server Restarted. 
01/09/2020 - 14:23:26,23 - FTP FileZilla Server Restarted. 
01/09/2020 - 14:23:36,37 - FTP FileZilla Server Restarted. 
01/09/2020 - 14:23:41,87 - FTP FileZilla Server Restarted. 
01/09/2020 - 14:23:48,58 - FTP FileZilla Server Restarted. 
01/09/2020 - 14:23:56,04 - FTP FileZilla Server Restarted. 
01/09/2020 - 14:27:28,43 - FTP FileZilla Server Restarted. 
01/09/2020 - 14:28:05,63 - FTP FileZilla Server Restarted. 
01/09/2020 - 14:29:34,00 - FTP FileZilla Server Restarted. 
01/09/2020 - 14:29:51,46 - FTP FileZilla Server Restarted. 
01/09/2020 - 14:31:30,37 - FTP FileZilla Server Restarted. 
01/09/2020 - 14:31:38,57 - FTP FileZilla Server Restarted. 
01/09/2020 - 14:31:47,79 - FTP FileZilla Server Restarted. 
01/09/2020 - 14:33:12,24 - FTP FileZilla Server Restarted. 
01/09/2020 - 14:34:05,92 - FTP FileZilla Server Restarted. 
01/09/2020 - 14:34:19,34 - FTP FileZilla Server Restarted. 
01/09/2020 - 14:34:39,29 - FTP FileZilla Server Restarted. 
01/09/2020 - 14:34:46,73 - FTP FileZilla Server Restarted. 
01/09/2020 - 14:35:14,99 - FTP FileZilla Server Restarted. 
01/09/2020 - 14:35:24,11 - FTP FileZilla Server Restarted. 
01/09/2020 - 14:35:31,44 - FTP FileZilla Server Restarted. 
01/09/2020 - 14:35:39,48 - FTP FileZilla Server Restarted. 
01/09/2020 - 14:35:54,09 - FTP FileZilla Server Restarted. 
01/09/2020 - 14:36:01,78 - FTP FileZilla Server Restarted. 
01/09/2020 - 14:36:09,60 - FTP FileZilla Server Restarted. 
01/09/2020 - 14:36:17,19 - FTP FileZilla Server Restarted. 
01/09/2020 - 14:36:24,61 - FTP FileZilla Server Restarted. 
01/09/2020 - 14:50:39,61 - FTP FileZilla Server Restarted. 
01/09/2020 - 14:50:51,35 - FTP FileZilla Server Restarted. 
01/09/2020 - 14:53:28,59 - FTP FileZilla Server Restarted. 
01/09/2020 - 15:00:27,23 - FTP FileZilla Server Restarted. 
01/09/2020 - 15:01:04,31 - FTP FileZilla Server Restarted. 
01/09/2020 - 15:01:11,11 - FTP FileZilla Server Restarted. 
01/09/2020 - 15:01:16,66 - FTP FileZilla Server Restarted. 
01/09/2020 - 15:01:23,39 - FTP FileZilla Server Restarted. 
01/09/2020 - 15:01:42,46 - FTP FileZilla Server Restarted. 
01/09/2020 - 15:01:58,94 - FTP FileZilla Server Restarted. 
01/09/2020 - 15:02:07,79 - FTP FileZilla Server Restarted. 
01/09/2020 - 15:04:00,18 - FTP FileZilla Server Restarted. 
01/09/2020 - 15:04:46,53 - FTP FileZilla Server Restarted. 
01/09/2020 - 15:04:55,53 - FTP FileZilla Server Restarted. 
01/09/2020 - 15:05:25,94 - FTP FileZilla Server Restarted. 
01/09/2020 - 15:06:07,31 - FTP FileZilla Server Restarted. 
01/09/2020 - 15:06:24,80 - FTP FileZilla Server Restarted. 
01/09/2020 - 15:06:47,21 - FTP FileZilla Server Restarted. 
01/09/2020 - 15:07:34,65 - FTP FileZilla Server Restarted. 
01/09/2020 - 15:07:55,77 - FTP FileZilla Server Restarted. 
01/09/2020 - 15:08:14,45 - FTP FileZilla Server Restarted. 
01/09/2020 - 15:08:45,06 - FTP FileZilla Server Restarted. 
01/09/2020 - 15:16:03,07 - FTP FileZilla Server Restarted. 
01/09/2020 - 15:17:52,87 - FTP FileZilla Server Restarted. 
01/09/2020 - 15:18:10,77 - FTP FileZilla Server Restarted. 
01/09/2020 - 15:19:38,95 - FTP FileZilla Server Restarted. 
01/09/2020 - 15:20:27,98 - FTP FileZilla Server Restarted. 
01/09/2020 - 15:21:53,99 - FTP FileZilla Server Restarted. 
01/09/2020 - 15:25:43,12 - FTP FileZilla Server Restarted. 
01/09/2020 - 15:26:28,08 - FTP FileZilla Server Restarted. 
01/09/2020 - 15:26:42,59 - FTP FileZilla Server Restarted. 
01/09/2020 - 15:27:06,13 - FTP FileZilla Server Restarted. 
01/09/2020 - 15:27:22,65 - FTP FileZilla Server Restarted. 
01/09/2020 - 15:27:53,78 - FTP FileZilla Server Restarted. 
01/09/2020 - 15:30:12,06 - FTP FileZilla Server Restarted. 
01/09/2020 - 15:30:43,39 - FTP FileZilla Server Restarted. 
01/09/2020 - 15:31:13,22 - FTP FileZilla Server Restarted. 
01/09/2020 - 15:31:57,09 - FTP FileZilla Server Restarted. 
01/09/2020 - 15:32:23,96 - FTP FileZilla Server Restarted. 
01/09/2020 - 15:32:31,95 - FTP FileZilla Server Restarted. 
01/09/2020 - 15:32:44,69 - FTP FileZilla Server Restarted. 
01/09/2020 - 15:32:49,90 - FTP FileZilla Server Restarted. 
01/09/2020 - 15:33:00,26 - FTP FileZilla Server Restarted. 
01/09/2020 - 15:33:08,38 - FTP FileZilla Server Restarted. 
01/09/2020 - 15:33:18,37 - FTP FileZilla Server Restarted. 
01/09/2020 - 15:33:51,90 - FTP FileZilla Server Restarted. 
01/09/2020 - 15:33:59,77 - FTP FileZilla Server Restarted. 
01/09/2020 - 15:34:08,54 - FTP FileZilla Server Restarted. 
01/09/2020 - 15:34:16,55 - FTP FileZilla Server Restarted. 
01/09/2020 - 15:34:24,52 - FTP FileZilla Server Restarted. 
01/09/2020 - 15:34:32,73 - FTP FileZilla Server Restarted. 
01/09/2020 - 15:35:04,70 - FTP FileZilla Server Restarted. 
01/09/2020 - 15:35:21,62 - FTP FileZilla Server Restarted. 
01/09/2020 - 15:35:42,68 - FTP FileZilla Server Restarted. 
01/09/2020 - 15:35:52,79 - FTP FileZilla Server Restarted. 
01/09/2020 - 15:36:13,41 - FTP FileZilla Server Restarted. 
01/09/2020 - 15:36:21,18 - FTP FileZilla Server Restarted. 
01/09/2020 - 15:36:58,25 - FTP FileZilla Server Restarted. 
01/09/2020 - 15:37:15,21 - FTP FileZilla Server Restarted. 
01/09/2020 - 15:37:47,52 - FTP FileZilla Server Restarted. 
01/09/2020 - 15:38:02,73 - FTP FileZilla Server Restarted. 
01/09/2020 - 15:38:33,74 - FTP FileZilla Server Restarted. 
01/09/2020 - 15:38:49,32 - FTP FileZilla Server Restarted. 
01/09/2020 - 15:39:19,04 - FTP FileZilla Server Restarted. 
01/09/2020 - 15:39:34,70 - FTP FileZilla Server Restarted. 
01/09/2020 - 15:39:57,41 - FTP FileZilla Server Restarted. 
01/09/2020 - 15:47:55,34 - FTP FileZilla Server Restarted. 
01/09/2020 - 15:48:11,85 - FTP FileZilla Server Restarted. 
01/09/2020 - 15:48:34,15 - FTP FileZilla Server Restarted. 
01/09/2020 - 15:51:57,06 - FTP FileZilla Server Restarted. 
01/09/2020 - 15:52:05,49 - FTP FileZilla Server Restarted. 
01/09/2020 - 15:52:13,81 - FTP FileZilla Server Restarted. 
01/09/2020 - 15:52:35,19 - FTP FileZilla Server Restarted. 
01/09/2020 - 15:52:42,12 - FTP FileZilla Server Restarted. 
01/09/2020 - 15:52:50,21 - FTP FileZilla Server Restarted. 
01/09/2020 - 15:52:57,81 - FTP FileZilla Server Restarted. 
01/09/2020 - 15:53:07,73 - FTP FileZilla Server Restarted. 
01/09/2020 - 15:53:15,47 - FTP FileZilla Server Restarted. 
01/09/2020 - 15:53:24,30 - FTP FileZilla Server Restarted. 
01/09/2020 - 15:53:37,34 - FTP FileZilla Server Restarted. 
01/09/2020 - 15:53:54,47 - FTP FileZilla Server Restarted. 
01/09/2020 - 15:56:20,58 - FTP FileZilla Server Restarted. 
01/09/2020 - 15:56:28,28 - FTP FileZilla Server Restarted. 
01/09/2020 - 15:56:35,36 - FTP FileZilla Server Restarted. 
01/09/2020 - 15:56:43,10 - FTP FileZilla Server Restarted. 
01/09/2020 - 15:56:51,83 - FTP FileZilla Server Restarted. 
01/09/2020 - 15:58:13,15 - FTP FileZilla Server Restarted. 
01/09/2020 - 15:58:21,42 - FTP FileZilla Server Restarted. 
01/09/2020 - 15:58:28,78 - FTP FileZilla Server Restarted. 
01/09/2020 - 15:58:44,23 - FTP FileZilla Server Restarted. 
01/09/2020 - 15:58:55,40 - FTP FileZilla Server Restarted. 
01/09/2020 - 15:59:03,11 - FTP FileZilla Server Restarted. 
01/09/2020 - 15:59:10,88 - FTP FileZilla Server Restarted. 
01/09/2020 - 16:03:44,93 - FTP FileZilla Server Restarted. 
01/09/2020 - 16:05:13,64 - FTP FileZilla Server Restarted. 
01/09/2020 - 16:05:36,35 - FTP FileZilla Server Restarted. 
01/09/2020 - 16:06:10,77 - FTP FileZilla Server Restarted. 
01/09/2020 - 16:06:18,36 - FTP FileZilla Server Restarted. 
01/09/2020 - 16:06:34,44 - FTP FileZilla Server Restarted. 
01/09/2020 - 16:06:42,87 - FTP FileZilla Server Restarted. 
01/09/2020 - 16:06:51,49 - FTP FileZilla Server Restarted. 
01/09/2020 - 16:07:00,18 - FTP FileZilla Server Restarted. 
01/09/2020 - 16:07:16,62 - FTP FileZilla Server Restarted. 
01/09/2020 - 16:07:24,49 - FTP FileZilla Server Restarted. 
01/09/2020 - 16:07:40,86 - FTP FileZilla Server Restarted. 
01/09/2020 - 16:08:44,22 - FTP FileZilla Server Restarted. 
01/09/2020 - 16:08:51,49 - FTP FileZilla Server Restarted. 
01/09/2020 - 16:09:04,76 - FTP FileZilla Server Restarted. 
01/09/2020 - 16:09:12,90 - FTP FileZilla Server Restarted. 
01/09/2020 - 16:09:31,08 - FTP FileZilla Server Restarted. 
01/09/2020 - 16:09:40,62 - FTP FileZilla Server Restarted. 
01/09/2020 - 16:09:50,39 - FTP FileZilla Server Restarted. 
01/09/2020 - 16:10:17,63 - FTP FileZilla Server Restarted. 
01/09/2020 - 16:10:25,95 - FTP FileZilla Server Restarted. 
01/09/2020 - 16:10:40,80 - FTP FileZilla Server Restarted. 
01/09/2020 - 16:10:48,49 - FTP FileZilla Server Restarted. 
01/09/2020 - 16:11:05,11 - FTP FileZilla Server Restarted. 
01/09/2020 - 16:11:13,73 - FTP FileZilla Server Restarted. 
01/09/2020 - 16:11:31,72 - FTP FileZilla Server Restarted. 
01/09/2020 - 16:11:41,43 - FTP FileZilla Server Restarted. 
01/09/2020 - 16:11:52,41 - FTP FileZilla Server Restarted. 
01/09/2020 - 16:12:09,03 - FTP FileZilla Server Restarted. 
01/09/2020 - 16:12:17,43 - FTP FileZilla Server Restarted. 
01/09/2020 - 16:14:13,77 - FTP FileZilla Server Restarted. 
01/09/2020 - 16:14:37,95 - FTP FileZilla Server Restarted. 
01/09/2020 - 16:15:11,50 - FTP FileZilla Server Restarted. 
01/09/2020 - 16:15:26,94 - FTP FileZilla Server Restarted. 
01/09/2020 - 16:16:29,11 - FTP FileZilla Server Restarted. 
01/09/2020 - 16:16:39,41 - FTP FileZilla Server Restarted. 
01/09/2020 - 16:17:06,31 - FTP FileZilla Server Restarted. 
01/09/2020 - 16:17:39,74 - FTP FileZilla Server Restarted. 
01/09/2020 - 16:19:07,41 - FTP FileZilla Server Restarted. 
01/09/2020 - 16:19:20,10 - FTP FileZilla Server Restarted. 
01/09/2020 - 16:19:44,18 - FTP FileZilla Server Restarted. 
01/09/2020 - 16:20:49,54 - FTP FileZilla Server Restarted. 
01/09/2020 - 16:34:18,06 - FTP FileZilla Server Restarted. 
02/09/2020 - 13:21:01,74 - FTP FileZilla Server Restarted. 
02/09/2020 - 13:21:30,24 - FTP FileZilla Server Restarted. 
02/09/2020 - 13:21:48,00 - FTP FileZilla Server Restarted. 
02/09/2020 - 13:21:56,62 - FTP FileZilla Server Restarted. 
03/09/2020 - 12:43:05,27 - FTP FileZilla Server Restarted. 
03/09/2020 - 12:43:22,51 - FTP FileZilla Server Restarted. 
03/09/2020 - 21:37:15,25 - FTP FileZilla Server Restarted. 
08/09/2020 - 14:26:22,28 - FTP FileZilla Server Restarted. 
08/09/2020 - 14:26:33,57 - FTP FileZilla Server Restarted. 
08/09/2020 - 14:39:12,40 - FTP FileZilla Server Restarted. 
08/09/2020 - 14:39:17,06 - FTP FileZilla Server Restarted. 
08/09/2020 - 14:39:40,34 - FTP FileZilla Server Restarted. 
08/09/2020 - 14:39:45,00 - FTP FileZilla Server Restarted. 
08/09/2020 - 14:39:59,93 - FTP FileZilla Server Restarted. 
08/09/2020 - 14:40:04,60 - FTP FileZilla Server Restarted. 
08/09/2020 - 14:40:52,27 - FTP FileZilla Server Restarted. 
08/09/2020 - 14:41:40,74 - FTP FileZilla Server Restarted. 
10/09/2020 -  9:15:56,49 - FTP FileZilla Server Restarted. 
10/09/2020 - 10:16:21,44 - FTP FileZilla Server Restarted. 
10/09/2020 - 10:17:05,47 - FTP FileZilla Server Restarted. 
10/09/2020 - 10:17:31,51 - FTP FileZilla Server Restarted. 
10/09/2020 - 10:17:42,66 - FTP FileZilla Server Restarted. 
10/09/2020 - 10:18:05,12 - FTP FileZilla Server Restarted. 
10/09/2020 - 10:19:56,30 - FTP FileZilla Server Restarted. 
10/09/2020 - 10:23:56,74 - FTP FileZilla Server Restarted. 
10/09/2020 - 10:33:00,26 - FTP FileZilla Server Restarted. 
10/09/2020 - 10:35:29,92 - FTP FileZilla Server Restarted. 
10/09/2020 - 10:35:38,17 - FTP FileZilla Server Restarted. 
10/09/2020 - 10:35:46,01 - FTP FileZilla Server Restarted. 
10/09/2020 - 10:39:17,94 - FTP FileZilla Server Restarted. 
10/09/2020 - 10:39:27,11 - FTP FileZilla Server Restarted. 
10/09/2020 - 10:39:55,86 - FTP FileZilla Server Restarted. 
10/09/2020 - 10:40:03,83 - FTP FileZilla Server Restarted. 
10/09/2020 - 10:40:12,03 - FTP FileZilla Server Restarted. 
10/09/2020 - 10:42:04,67 - FTP FileZilla Server Restarted. 
10/09/2020 - 10:42:25,88 - FTP FileZilla Server Restarted. 
10/09/2020 - 10:42:49,06 - FTP FileZilla Server Restarted. 
10/09/2020 - 10:42:57,53 - FTP FileZilla Server Restarted. 
10/09/2020 - 10:43:06,11 - FTP FileZilla Server Restarted. 
10/09/2020 - 10:43:49,67 - FTP FileZilla Server Restarted. 
10/09/2020 - 10:44:53,58 - FTP FileZilla Server Restarted. 
10/09/2020 - 10:45:03,70 - FTP FileZilla Server Restarted. 
10/09/2020 - 10:45:11,81 - FTP FileZilla Server Restarted. 
10/09/2020 - 10:45:37,05 - FTP FileZilla Server Restarted. 
10/09/2020 - 10:46:17,08 - FTP FileZilla Server Restarted. 
10/09/2020 - 10:46:25,74 - FTP FileZilla Server Restarted. 
10/09/2020 - 10:46:35,41 - FTP FileZilla Server Restarted. 
10/09/2020 - 10:46:45,87 - FTP FileZilla Server Restarted. 
10/09/2020 - 10:47:10,79 - FTP FileZilla Server Restarted. 
10/09/2020 - 10:47:19,05 - FTP FileZilla Server Restarted. 
10/09/2020 - 10:47:26,72 - FTP FileZilla Server Restarted. 
10/09/2020 - 10:47:35,05 - FTP FileZilla Server Restarted. 
10/09/2020 - 10:47:48,21 - FTP FileZilla Server Restarted. 
10/09/2020 - 10:48:04,78 - FTP FileZilla Server Restarted. 
10/09/2020 - 10:48:19,67 - FTP FileZilla Server Restarted. 
10/09/2020 - 10:48:27,96 - FTP FileZilla Server Restarted. 
10/09/2020 - 10:48:35,50 - FTP FileZilla Server Restarted. 
10/09/2020 - 10:48:43,10 - FTP FileZilla Server Restarted. 
10/09/2020 - 10:49:04,97 - FTP FileZilla Server Restarted. 
10/09/2020 - 10:49:14,58 - FTP FileZilla Server Restarted. 
Wed 16/09/2020 - 10:32:17.62 - FTP FileZilla Server Restarted. 
Wed 16/09/2020 - 10:32:28.77 - FTP FileZilla Server Restarted. 
Wed 16/09/2020 - 10:34:10.85 - FTP FileZilla Server Restarted. 
Wed 16/09/2020 - 12:26:43.44 - FTP FileZilla Server Restarted. 
Mon 21/09/2020 - 13:51:40.62 - FTP FileZilla Server Restarted. 
Tue 02/02/2021 -  8:56:06.22 - FTP FileZilla Server Restarted. 
Tue 09/03/2021 - 11:40:01.77 - FTP FileZilla Server Restarted. 
09/03/2021 - 16:06:54,87 - FTP FileZilla Server Restarted. 
09/03/2021 - 16:20:00,58 - FTP FileZilla Server Restarted. 
09/03/2021 - 16:20:18,69 - FTP FileZilla Server Restarted. 
22/03/2021 - 16:55:08,02 - FTP FileZilla Server Restarted. 
22/03/2021 - 16:55:35,19 - FTP FileZilla Server Restarted. 
