31/08/2020 - 11:52:44,11 - MySQL Server Restarted. 
31/08/2020 - 11:59:51,39 - MySQL Server Stopped. 
31/08/2020 - 12:01:39,64 - MySQL Server Stopped. 
31/08/2020 - 12:02:46,82 - MySQL Server Restarted. 
31/08/2020 - 12:03:27,70 - MySQL Server Restarted. 
01/09/2020 - 11:42:20,94 - MySQL Server Restarted. 
01/09/2020 - 11:43:10,95 - MySQL Server Restarted. 
01/09/2020 - 11:45:27,66 - MySQL Server Stopped. 
01/09/2020 - 11:46:33,59 - MySQL Server Restarted. 
01/09/2020 - 11:46:49,44 - MySQL Server Restarted. 
01/09/2020 - 11:46:57,05 - MySQL Server Stopped. 
01/09/2020 - 11:47:19,57 - MySQL Server Restarted. 
01/09/2020 - 11:47:33,46 - MySQL Server Restarted. 
01/09/2020 - 11:47:45,45 - MySQL Server Stopped. 
01/09/2020 - 13:12:32,24 - MySQL Server Restarted. 
01/09/2020 - 13:12:45,17 - MySQL Server Restarted. 
01/09/2020 - 13:13:28,75 - MySQL Server Restarted. 
01/09/2020 - 13:16:11,53 - MySQL Server Restarted. 
01/09/2020 - 13:38:45,72 - MySQL Server Restarted. 
01/09/2020 - 13:56:07,46 - MySQL Server Restarted. 
01/09/2020 - 13:56:20,39 - MySQL Server Restarted. 
01/09/2020 - 13:58:11,71 - MySQL Server Restarted. 
01/09/2020 - 13:58:46,74 - MySQL Server Restarted. 
01/09/2020 - 13:58:53,77 - MySQL Server Stopped. 
01/09/2020 - 13:59:00,73 - MySQL Server Restarted. 
01/09/2020 - 14:01:55,70 - MySQL Server Restarted. 
01/09/2020 - 14:02:24,85 - MySQL Server Restarted. 
01/09/2020 - 14:06:18,17 - MySQL Server Restarted. 
01/09/2020 - 14:10:02,27 - MySQL Server Restarted. 
01/09/2020 - 14:10:34,12 - MySQL Server Restarted. 
01/09/2020 - 14:11:21,38 - MySQL Server Restarted. 
01/09/2020 - 14:12:06,71 - MySQL Server Restarted. 
01/09/2020 - 14:13:26,88 - MySQL Server Restarted. 
01/09/2020 - 15:05:34,27 - MySQL Server Restarted. 
01/09/2020 - 15:06:15,30 - MySQL Server Restarted. 
01/09/2020 - 15:06:55,48 - MySQL Server Restarted. 
01/09/2020 - 15:07:09,12 - MySQL Server Restarted. 
01/09/2020 - 15:08:53,39 - MySQL Server Restarted. 
01/09/2020 - 15:14:32,42 - MySQL Server Restarted. 
01/09/2020 - 15:16:11,78 - MySQL Server Restarted. 
01/09/2020 - 15:18:01,27 - MySQL Server Restarted. 
01/09/2020 - 15:19:46,90 - MySQL Server Restarted. 
01/09/2020 - 15:27:33,50 - MySQL Server Restarted. 
01/09/2020 - 15:30:21,96 - MySQL Server Restarted. 
01/09/2020 - 15:35:13,23 - MySQL Server Restarted. 
01/09/2020 - 15:37:07,31 - MySQL Server Restarted. 
01/09/2020 - 15:37:24,21 - MySQL Server Restarted. 
01/09/2020 - 15:37:54,71 - MySQL Server Restarted. 
01/09/2020 - 15:38:12,33 - MySQL Server Restarted. 
01/09/2020 - 15:38:20,65 - MySQL Server Restarted. 
01/09/2020 - 15:38:41,19 - MySQL Server Restarted. 
01/09/2020 - 15:38:57,24 - MySQL Server Restarted. 
01/09/2020 - 15:39:05,17 - MySQL Server Restarted. 
01/09/2020 - 15:39:27,04 - MySQL Server Restarted. 
01/09/2020 - 15:39:42,23 - MySQL Server Restarted. 
01/09/2020 - 15:39:50,17 - MySQL Server Restarted. 
01/09/2020 - 15:53:46,54 - MySQL Server Restarted. 
01/09/2020 - 15:58:36,48 - MySQL Server Restarted. 
01/09/2020 - 16:06:26,38 - MySQL Server Restarted. 
01/09/2020 - 16:07:32,86 - MySQL Server Restarted. 
01/09/2020 - 16:09:20,61 - MySQL Server Restarted. 
01/09/2020 - 16:10:33,42 - MySQL Server Restarted. 
01/09/2020 - 16:10:57,13 - MySQL Server Restarted. 
01/09/2020 - 16:11:22,98 - MySQL Server Restarted. 
01/09/2020 - 16:12:00,73 - MySQL Server Restarted. 
01/09/2020 - 16:12:25,96 - MySQL Server Restarted. 
01/09/2020 - 16:15:41,45 - MySQL Server Restarted. 
01/09/2020 - 16:17:18,86 - MySQL Server Restarted. 
02/09/2020 - 13:20:40,18 - MySQL Server Restarted. 
02/09/2020 - 13:20:45,39 - MySQL Server Restarted. 
02/09/2020 - 13:20:53,64 - MySQL Server Restarted. 
02/09/2020 - 13:21:21,52 - MySQL Server Restarted. 
02/09/2020 - 13:21:39,06 - MySQL Server Restarted. 
03/09/2020 - 12:43:02,51 - MySQL Server Restarted. 
03/09/2020 - 12:43:14,27 - MySQL Server Restarted. 
03/09/2020 - 21:37:13,86 - MySQL Server Restarted. 
03/09/2020 - 21:37:26,08 - MySQL Server Restarted. 
10/09/2020 -  9:16:13,55 - MySQL Server Restarted. 
Wed 16/09/2020 - 10:32:39.83 - MySQL Server Restarted. 
Wed 30/09/2020 - 15:04:35.80 - MySQL Server Restarted. 
Tue 03/11/2020 - 11:41:05.17 - MySQL Server Restarted. 
Tue 10/11/2020 - 17:10:56.27 - MySQL Server Restarted. 
Thu 12/11/2020 - 14:18:52.52 - MySQL Server Restarted. 
Thu 03/12/2020 - 11:19:15.86 - MySQL Server Restarted. 
Wed 16/12/2020 - 13:55:22.57 - MySQL Server Restarted. 
Wed 16/12/2020 - 13:55:36.58 - MySQL Server Restarted. 
Mon 18/01/2021 - 11:34:55.06 - MySQL Server Restarted. 
Mon 18/01/2021 - 11:35:05.80 - MySQL Server Restarted. 
Tue 19/01/2021 - 10:58:55.99 - MySQL Server Restarted. 
Wed 20/01/2021 - 10:39:33.62 - MySQL Server Restarted. 
Thu 28/01/2021 - 10:57:00.64 - MySQL Server Restarted. 
Mon 01/02/2021 - 14:07:25.63 - MySQL Server Restarted. 
Tue 02/02/2021 -  8:44:14.32 - MySQL Server Restarted. 
Tue 09/02/2021 -  9:16:45.01 - MySQL Server Restarted. 
Tue 09/02/2021 -  9:17:02.02 - MySQL Server Restarted. 
Tue 16/02/2021 -  8:49:00.03 - MySQL Server Restarted. 
Mon 22/02/2021 - 11:14:27.10 - MySQL Server Restarted. 
Mon 08/03/2021 - 13:50:18.13 - MySQL Server Restarted. 
Tue 09/03/2021 - 11:40:10.71 - MySQL Server Restarted. 
09/03/2021 - 16:06:18,99 - MySQL Server Restarted. 
09/03/2021 - 16:20:11,26 - MySQL Server Restarted. 
22/03/2021 - 16:54:58,32 - MySQL Server Restarted. 
22/03/2021 - 16:55:27,34 - MySQL Server Restarted. 
25/03/2021 - 12:09:25,44 - MySQL Server Restarted. 
15/06/2021 - 13:20:07,70 - MySQL Server Restarted. 
30/06/2021 - 16:24:41,89 - MySQL Server Restarted. 
